Arguments: 
  C:\Program Files\nodejs\node.exe C:\Users\Tien Huy\AppData\Roaming\npm\node_modules\yarn\bin\yarn.js init

PATH: 
  C:\Users\Tien Huy\bin;C:\Program Files\Git\mingw64\bin;C:\Program Files\Git\usr\local\bin;C:\Program Files\Git\usr\bin;C:\Program Files\Git\usr\bin;C:\Program Files\Git\mingw64\bin;C:\Program Files\Git\usr\bin;C:\Users\Tien Huy\bin;C:\Program Files\Common Files\Oracle\Java\javapath;C:\Program Files\Eclipse Adoptium\jdk-11.0.17.8-hotspot\bin;C:\Python310\Scripts;C:\Python310;C:\Windows\system32;C:\Windows;C:\Windows\System32\Wbem;C:\Windows\System32\WindowsPowerShell\v1.0;C:\Windows\System32\OpenSSH;C:\Program Files (x86)\NVIDIA Corporation\PhysX\Common;C:\Program Files\NVIDIA Corporation\NVIDIA NvDLISR;C:\Program Files\PuTTY;C:\ProgramData\chocolatey\bin;C:\php;C:\Program Files (x86)\Bitvise SSH Client;C:\Program Files\Git\cmd;C:\composer;C:\Program Files\Docker\Docker\resources\bin;C:\Program Files\nodejs;C:\Program Files\Android\Android Studio\jre;C:\Users\Tien Huy\AppData\Local\Android\Sdk\platform-tools;C:\Users\Tien Huy\scoop\shims;C:\Users\Tien Huy\AppData\Local\Microsoft\WindowsApps;C:\Users\Tien Huy\AppData\Local\Programs\Microsoft VS Code\bin;C:\Program Files\nodejs;C:\Program Files\JetBrains\PhpStorm 2020.1\bin;C:\php;C:\Users\Tien Huy\AppData\Roaming\Composer\vendor\bin;C:\Users\Tien Huy\AppData\Local\Programs\Hyper\resources\bin;C:\Program Files\JetBrains\WebStorm 2021.2.4\bin;C:\Users\Tien Huy\AppData\Roaming\npm;C:\Program Files\Android\Android Studio\jre;C:\Program Files\Git\usr\bin\vendor_perl;C:\Program Files\Git\usr\bin\core_perl

Yarn version: 
  1.22.19

Node version: 
  18.12.1

Platform: 
  win32 x64

Trace: 
  Error: Can't answer a question unless a user TTY
      at ConsoleReporter.question (C:\Users\Tien Huy\AppData\Roaming\npm\node_modules\yarn\lib\cli.js:92864:59)
      at Object.<anonymous> (C:\Users\Tien Huy\AppData\Roaming\npm\node_modules\yarn\lib\cli.js:85054:38)
      at Generator.next (<anonymous>)
      at step (C:\Users\Tien Huy\AppData\Roaming\npm\node_modules\yarn\lib\cli.js:310:30)
      at C:\Users\Tien Huy\AppData\Roaming\npm\node_modules\yarn\lib\cli.js:321:13

npm manifest: 
  No manifest

yarn manifest: 
  No manifest

Lockfile: 
  No lockfile
